[     305ms] [INFO] 2026-07-08 13:59:17 Device API logging initialized - DEVICE @ https://openui5.hana.ondemand.com/resources/sap-ui-core.js:1172
[     493ms] [ERROR] Failed to load resource: the server responded with a status of 404 (Not Found) @ http://localhost:8080/Component-preload.js:0
[     493ms] [ERROR] Refused to execute script from 'http://localhost:8080/Component-preload.js' because its MIME type ('text/html') is not executable, and strict MIME type checking is enabled. @ http://localhost:8080/index.html:0
[     498ms] [ERROR] Failed to load resource: the server responded with a status of 404 (Not Found) @ http://localhost:8080/Component-preload.js:0
[     498ms] [ERROR] Refused to execute script from 'http://localhost:8080/Component-preload.js' because its MIME type ('text/html') is not executable, and strict MIME type checking is enabled. @ http://localhost:8080/index.html:0
[     498ms] [ERROR] 2026-07-08 13:59:17.631800 failed to load JavaScript resource: chatbot/ui/Component-preload.js -  sap.ui.ModuleSystem @ https://openui5.hana.ondemand.com/resources/sap-ui-core.js:46
[     499ms] [ERROR] 2026-07-08 13:59:17.632500 The fallback locale 'en' is not contained in the list of supported locales [''] of the bundle 'i18n/i18n.properties' and will be ignored. -   @ https://openui5.hana.ondemand.com/resources/sap-ui-core.js:46
[     506ms] [ERROR] 2026-07-08 13:59:17.640000 The fallback locale 'en' is not contained in the list of supported locales [''] of the bundle 'i18n/i18n.properties' and will be ignored. -   @ https://openui5.hana.ondemand.com/resources/sap-ui-core.js:46
[     515ms] [ERROR] 2026-07-08 13:59:17.649000 Component.create() failed - ModuleError: failed to execute module factory for ''chatbot/ui/controller/Chat.controller.js'': Cannot instantiate object: "new" is missing! sap.ui.core.Component 
 ModuleError: failed to execute module factory for ''chatbot/ui/controller/Chat.controller.js'': Cannot instantiate object: "new" is missing!
    at xe (https://openui5.hana.ondemand.com/resources/sap-ui-core.js:10:7104)
    at pe.failWith (https://openui5.hana.ondemand.com/resources/sap-ui-core.js:10:4892)
    at c (https://openui5.hana.ondemand.com/resources/sap-ui-core.js:10:17286)
Caused by: Error: Cannot instantiate object: "new" is missing!
    at constructor (https://openui5.hana.ondemand.com/resources/sap-ui-core.js:440:193)
    at constructor (https://openui5.hana.ondemand.com/resources/sap-ui-core.js:389:203)
    at constructor (https://openui5.hana.ondemand.com/resources/sap/ui/core/library-preload.js:1093:1185)
    at http://localhost:8080/controller/Chat.controller.js:7:10
    at c (https://openui5.hana.ondemand.com/resources/sap-ui-core.js:10:17118) @ https://openui5.hana.ondemand.com/resources/sap-ui-core.js:46
[     515ms] Uncaught (in promise) ModuleError: failed to execute module factory for ''chatbot/ui/controller/Chat.controller.js'': Cannot instantiate object: "new" is missing!
    at xe (https://openui5.hana.ondemand.com/resources/sap-ui-core.js:9:7103)
    at failWith (https://openui5.hana.ondemand.com/resources/sap-ui-core.js:9:4891)
    at c (https://openui5.hana.ondemand.com/resources/sap-ui-core.js:9:17285)
[     515ms] Uncaught (in promise) ModuleError: failed to execute module factory for ''chatbot/ui/controller/Chat.controller.js'': Cannot instantiate object: "new" is missing!
    at xe (https://openui5.hana.ondemand.com/resources/sap-ui-core.js:9:7103)
    at failWith (https://openui5.hana.ondemand.com/resources/sap-ui-core.js:9:4891)
    at c (https://openui5.hana.ondemand.com/resources/sap-ui-core.js:9:17285)
[    5593ms] [INFO] 2026-07-08 13:59:22 Device API logging initialized - DEVICE @ https://openui5.hana.ondemand.com/resources/sap-ui-core.js:1172
[    5676ms] [ERROR] Failed to load resource: the server responded with a status of 404 (Not Found) @ http://localhost:8080/Component-preload.js:0
[    5676ms] [ERROR] Refused to execute script from 'http://localhost:8080/Component-preload.js' because its MIME type ('text/html') is not executable, and strict MIME type checking is enabled. @ http://localhost:8080/index.html:0
[    5687ms] [ERROR] Failed to load resource: the server responded with a status of 404 (Not Found) @ http://localhost:8080/Component-preload.js:0
[    5687ms] [ERROR] Refused to execute script from 'http://localhost:8080/Component-preload.js' because its MIME type ('text/html') is not executable, and strict MIME type checking is enabled. @ http://localhost:8080/index.html:0
[    5692ms] [ERROR] 2026-07-08 13:59:22.826300 failed to load JavaScript resource: chatbot/ui/Component-preload.js -  sap.ui.ModuleSystem @ https://openui5.hana.ondemand.com/resources/sap-ui-core.js:46
[    5692ms] [ERROR] 2026-07-08 13:59:22.826500 The fallback locale 'en' is not contained in the list of supported locales [''] of the bundle 'i18n/i18n.properties' and will be ignored. -   @ https://openui5.hana.ondemand.com/resources/sap-ui-core.js:46
[    5698ms] [ERROR] 2026-07-08 13:59:22.831600 The fallback locale 'en' is not contained in the list of supported locales [''] of the bundle 'i18n/i18n.properties' and will be ignored. -   @ https://openui5.hana.ondemand.com/resources/sap-ui-core.js:46
